mode: atomic
github.com/khulnasoft-lab/vul-java-db/pkg/crawler/crawler.go:41.37,45.23 3 1
github.com/khulnasoft-lab/vul-java-db/pkg/crawler/crawler.go:45.23,47.3 1 0
github.com/khulnasoft-lab/vul-java-db/pkg/crawler/crawler.go:49.2,59.3 3 1
github.com/khulnasoft-lab/vul-java-db/pkg/crawler/crawler.go:62.52,71.12 6 1
github.com/khulnasoft-lab/vul-java-db/pkg/crawler/crawler.go:71.12,74.3 2 1
github.com/khulnasoft-lab/vul-java-db/pkg/crawler/crawler.go:76.2,79.12 2 1
github.com/khulnasoft-lab/vul-java-db/pkg/crawler/crawler.go:79.12,80.16 1 1
github.com/khulnasoft-lab/vul-java-db/pkg/crawler/crawler.go:80.16,80.43 1 1
github.com/khulnasoft-lab/vul-java-db/pkg/crawler/crawler.go:82.3,83.28 2 1
github.com/khulnasoft-lab/vul-java-db/pkg/crawler/crawler.go:83.28,85.23 2 3
github.com/khulnasoft-lab/vul-java-db/pkg/crawler/crawler.go:85.23,87.5 1 0
github.com/khulnasoft-lab/vul-java-db/pkg/crawler/crawler.go:88.4,88.50 1 3
github.com/khulnasoft-lab/vul-java-db/pkg/crawler/crawler.go:88.50,91.5 2 0
github.com/khulnasoft-lab/vul-java-db/pkg/crawler/crawler.go:92.4,92.24 1 3
github.com/khulnasoft-lab/vul-java-db/pkg/crawler/crawler.go:92.24,95.40 3 3
github.com/khulnasoft-lab/vul-java-db/pkg/crawler/crawler.go:95.40,97.6 1 0
github.com/khulnasoft-lab/vul-java-db/pkg/crawler/crawler.go:102.1,103.6 1 1
github.com/khulnasoft-lab/vul-java-db/pkg/crawler/crawler.go:103.6,104.10 1 1
github.com/khulnasoft-lab/vul-java-db/pkg/crawler/crawler.go:106.20,107.14 1 1
github.com/khulnasoft-lab/vul-java-db/pkg/crawler/crawler.go:108.23,110.14 2 0
github.com/khulnasoft-lab/vul-java-db/pkg/crawler/crawler.go:114.2,115.12 2 1
github.com/khulnasoft-lab/vul-java-db/pkg/crawler/crawler.go:118.43,120.16 2 3
github.com/khulnasoft-lab/vul-java-db/pkg/crawler/crawler.go:120.16,122.3 1 0
github.com/khulnasoft-lab/vul-java-db/pkg/crawler/crawler.go:123.2,126.16 3 3
github.com/khulnasoft-lab/vul-java-db/pkg/crawler/crawler.go:126.16,128.3 1 0
github.com/khulnasoft-lab/vul-java-db/pkg/crawler/crawler.go:130.2,132.61 3 3
github.com/khulnasoft-lab/vul-java-db/pkg/crawler/crawler.go:132.61,134.35 2 11
github.com/khulnasoft-lab/vul-java-db/pkg/crawler/crawler.go:134.35,137.4 2 1
github.com/khulnasoft-lab/vul-java-db/pkg/crawler/crawler.go:137.9,137.60 1 10
github.com/khulnasoft-lab/vul-java-db/pkg/crawler/crawler.go:137.60,140.4 1 5
github.com/khulnasoft-lab/vul-java-db/pkg/crawler/crawler.go:142.3,142.36 1 5
github.com/khulnasoft-lab/vul-java-db/pkg/crawler/crawler.go:145.2,145.19 1 3
github.com/khulnasoft-lab/vul-java-db/pkg/crawler/crawler.go:145.19,147.17 2 1
github.com/khulnasoft-lab/vul-java-db/pkg/crawler/crawler.go:147.17,149.4 1 0
github.com/khulnasoft-lab/vul-java-db/pkg/crawler/crawler.go:150.3,150.18 1 1
github.com/khulnasoft-lab/vul-java-db/pkg/crawler/crawler.go:150.18,151.48 1 1
github.com/khulnasoft-lab/vul-java-db/pkg/crawler/crawler.go:151.48,153.5 1 0
github.com/khulnasoft-lab/vul-java-db/pkg/crawler/crawler.go:155.4,155.14 1 1
github.com/khulnasoft-lab/vul-java-db/pkg/crawler/crawler.go:159.2,161.12 2 2
github.com/khulnasoft-lab/vul-java-db/pkg/crawler/crawler.go:161.12,162.34 1 2
github.com/khulnasoft-lab/vul-java-db/pkg/crawler/crawler.go:162.34,164.4 1 2
github.com/khulnasoft-lab/vul-java-db/pkg/crawler/crawler.go:167.2,167.12 1 2
github.com/khulnasoft-lab/vul-java-db/pkg/crawler/crawler.go:170.67,172.51 2 1
github.com/khulnasoft-lab/vul-java-db/pkg/crawler/crawler.go:172.51,175.17 3 3
github.com/khulnasoft-lab/vul-java-db/pkg/crawler/crawler.go:175.17,177.4 1 0
github.com/khulnasoft-lab/vul-java-db/pkg/crawler/crawler.go:178.3,178.21 1 3
github.com/khulnasoft-lab/vul-java-db/pkg/crawler/crawler.go:178.21,184.4 2 3
github.com/khulnasoft-lab/vul-java-db/pkg/crawler/crawler.go:186.2,186.24 1 1
github.com/khulnasoft-lab/vul-java-db/pkg/crawler/crawler.go:186.24,188.3 1 0
github.com/khulnasoft-lab/vul-java-db/pkg/crawler/crawler.go:190.2,198.60 4 1
github.com/khulnasoft-lab/vul-java-db/pkg/crawler/crawler.go:198.60,200.3 1 0
github.com/khulnasoft-lab/vul-java-db/pkg/crawler/crawler.go:201.2,201.12 1 1
github.com/khulnasoft-lab/vul-java-db/pkg/crawler/crawler.go:204.64,206.16 2 1
github.com/khulnasoft-lab/vul-java-db/pkg/crawler/crawler.go:206.16,208.3 1 0
github.com/khulnasoft-lab/vul-java-db/pkg/crawler/crawler.go:209.2,212.63 3 1
github.com/khulnasoft-lab/vul-java-db/pkg/crawler/crawler.go:212.63,214.3 1 0
github.com/khulnasoft-lab/vul-java-db/pkg/crawler/crawler.go:217.2,217.40 1 1
github.com/khulnasoft-lab/vul-java-db/pkg/crawler/crawler.go:217.40,219.3 1 0
github.com/khulnasoft-lab/vul-java-db/pkg/crawler/crawler.go:222.2,222.38 1 1
github.com/khulnasoft-lab/vul-java-db/pkg/crawler/crawler.go:222.38,224.3 1 0
github.com/khulnasoft-lab/vul-java-db/pkg/crawler/crawler.go:225.2,225.19 1 1
github.com/khulnasoft-lab/vul-java-db/pkg/crawler/crawler.go:228.57,231.44 2 3
github.com/khulnasoft-lab/vul-java-db/pkg/crawler/crawler.go:231.44,233.3 1 0
github.com/khulnasoft-lab/vul-java-db/pkg/crawler/crawler.go:234.2,234.16 1 3
github.com/khulnasoft-lab/vul-java-db/pkg/crawler/crawler.go:234.16,236.3 1 0
github.com/khulnasoft-lab/vul-java-db/pkg/crawler/crawler.go:237.2,240.16 3 3
github.com/khulnasoft-lab/vul-java-db/pkg/crawler/crawler.go:240.16,242.3 1 0
github.com/khulnasoft-lab/vul-java-db/pkg/crawler/crawler.go:247.2,247.20 1 3
github.com/khulnasoft-lab/vul-java-db/pkg/crawler/crawler.go:247.20,249.3 1 0
github.com/khulnasoft-lab/vul-java-db/pkg/crawler/crawler.go:253.2,254.72 2 3
github.com/khulnasoft-lab/vul-java-db/pkg/crawler/crawler.go:254.72,256.17 2 3
github.com/khulnasoft-lab/vul-java-db/pkg/crawler/crawler.go:256.17,257.9 1 3
github.com/khulnasoft-lab/vul-java-db/pkg/crawler/crawler.go:260.2,260.21 1 3
github.com/khulnasoft-lab/vul-java-db/pkg/crawler/crawler.go:260.21,262.3 1 0
github.com/khulnasoft-lab/vul-java-db/pkg/crawler/crawler.go:263.2,263.19 1 3
github.com/khulnasoft-lab/vul-java-db/pkg/db/db.go:26.35,28.2 1 8
github.com/khulnasoft-lab/vul-java-db/pkg/db/db.go:30.35,32.2 1 0
github.com/khulnasoft-lab/vul-java-db/pkg/db/db.go:34.39,37.49 3 8
github.com/khulnasoft-lab/vul-java-db/pkg/db/db.go:37.49,39.3 1 0
github.com/khulnasoft-lab/vul-java-db/pkg/db/db.go:42.2,44.16 3 8
github.com/khulnasoft-lab/vul-java-db/pkg/db/db.go:44.16,46.3 1 0
github.com/khulnasoft-lab/vul-java-db/pkg/db/db.go:48.2,48.62 1 8
github.com/khulnasoft-lab/vul-java-db/pkg/db/db.go:48.62,50.3 1 0
github.com/khulnasoft-lab/vul-java-db/pkg/db/db.go:52.2,55.8 1 8
github.com/khulnasoft-lab/vul-java-db/pkg/db/db.go:58.28,59.125 1 8
github.com/khulnasoft-lab/vul-java-db/pkg/db/db.go:59.125,61.3 1 0
github.com/khulnasoft-lab/vul-java-db/pkg/db/db.go:62.2,62.183 1 8
github.com/khulnasoft-lab/vul-java-db/pkg/db/db.go:62.183,64.3 1 0
github.com/khulnasoft-lab/vul-java-db/pkg/db/db.go:66.2,66.115 1 8
github.com/khulnasoft-lab/vul-java-db/pkg/db/db.go:66.115,68.3 1 0
github.com/khulnasoft-lab/vul-java-db/pkg/db/db.go:69.2,69.103 1 8
github.com/khulnasoft-lab/vul-java-db/pkg/db/db.go:69.103,71.3 1 0
github.com/khulnasoft-lab/vul-java-db/pkg/db/db.go:72.2,72.99 1 8
github.com/khulnasoft-lab/vul-java-db/pkg/db/db.go:72.99,74.3 1 0
github.com/khulnasoft-lab/vul-java-db/pkg/db/db.go:75.2,75.12 1 8
github.com/khulnasoft-lab/vul-java-db/pkg/db/db.go:78.28,80.2 1 0
github.com/khulnasoft-lab/vul-java-db/pkg/db/db.go:82.32,83.52 1 0
github.com/khulnasoft-lab/vul-java-db/pkg/db/db.go:83.52,85.3 1 0
github.com/khulnasoft-lab/vul-java-db/pkg/db/db.go:86.2,86.12 1 0
github.com/khulnasoft-lab/vul-java-db/pkg/db/db.go:89.29,91.2 1 0
github.com/khulnasoft-lab/vul-java-db/pkg/db/db.go:97.58,98.23 1 8
github.com/khulnasoft-lab/vul-java-db/pkg/db/db.go:98.23,100.3 1 0
github.com/khulnasoft-lab/vul-java-db/pkg/db/db.go:101.2,102.16 2 8
github.com/khulnasoft-lab/vul-java-db/pkg/db/db.go:102.16,104.3 1 0
github.com/khulnasoft-lab/vul-java-db/pkg/db/db.go:105.2,107.55 2 8
github.com/khulnasoft-lab/vul-java-db/pkg/db/db.go:107.55,109.3 1 0
github.com/khulnasoft-lab/vul-java-db/pkg/db/db.go:111.2,111.32 1 8
github.com/khulnasoft-lab/vul-java-db/pkg/db/db.go:111.32,120.17 2 16
github.com/khulnasoft-lab/vul-java-db/pkg/db/db.go:120.17,122.4 1 0
github.com/khulnasoft-lab/vul-java-db/pkg/db/db.go:125.2,125.20 1 8
github.com/khulnasoft-lab/vul-java-db/pkg/db/db.go:128.72,134.32 5 8
github.com/khulnasoft-lab/vul-java-db/pkg/db/db.go:134.32,136.3 1 16
github.com/khulnasoft-lab/vul-java-db/pkg/db/db.go:137.2,137.53 1 8
github.com/khulnasoft-lab/vul-java-db/pkg/db/db.go:137.53,139.3 1 0
github.com/khulnasoft-lab/vul-java-db/pkg/db/db.go:140.2,140.12 1 8
github.com/khulnasoft-lab/vul-java-db/pkg/db/db.go:143.67,146.16 3 2
github.com/khulnasoft-lab/vul-java-db/pkg/db/db.go:146.16,148.3 1 0
github.com/khulnasoft-lab/vul-java-db/pkg/db/db.go:149.2,156.50 3 2
github.com/khulnasoft-lab/vul-java-db/pkg/db/db.go:156.50,158.3 1 0
github.com/khulnasoft-lab/vul-java-db/pkg/db/db.go:159.2,159.19 1 2
github.com/khulnasoft-lab/vul-java-db/pkg/db/db.go:162.98,171.50 4 3
github.com/khulnasoft-lab/vul-java-db/pkg/db/db.go:171.50,173.3 1 0
github.com/khulnasoft-lab/vul-java-db/pkg/db/db.go:174.2,174.19 1 3
github.com/khulnasoft-lab/vul-java-db/pkg/db/db.go:178.9,186.50 3 3
github.com/khulnasoft-lab/vul-java-db/pkg/db/db.go:186.50,188.3 1 0
github.com/khulnasoft-lab/vul-java-db/pkg/db/db.go:189.2,189.18 1 3
github.com/khulnasoft-lab/vul-java-db/pkg/db/db.go:189.18,191.118 2 2
github.com/khulnasoft-lab/vul-java-db/pkg/db/db.go:191.118,193.4 1 0
github.com/khulnasoft-lab/vul-java-db/pkg/db/db.go:194.3,194.35 1 2
github.com/khulnasoft-lab/vul-java-db/pkg/db/db.go:196.2,196.21 1 3
github.com/khulnasoft-lab/vul-java-db/pkg/db/metadata.go:25.42,29.2 1 0
github.com/khulnasoft-lab/vul-java-db/pkg/db/metadata.go:32.42,34.16 2 0
github.com/khulnasoft-lab/vul-java-db/pkg/db/metadata.go:34.16,36.3 1 0
github.com/khulnasoft-lab/vul-java-db/pkg/db/metadata.go:37.2,40.60 3 0
github.com/khulnasoft-lab/vul-java-db/pkg/db/metadata.go:40.60,42.3 1 0
github.com/khulnasoft-lab/vul-java-db/pkg/db/metadata.go:43.2,43.22 1 0
github.com/khulnasoft-lab/vul-java-db/pkg/db/metadata.go:46.46,47.64 1 0
github.com/khulnasoft-lab/vul-java-db/pkg/db/metadata.go:47.64,49.3 1 0
github.com/khulnasoft-lab/vul-java-db/pkg/db/metadata.go:51.2,52.16 2 0
github.com/khulnasoft-lab/vul-java-db/pkg/db/metadata.go:52.16,54.3 1 0
github.com/khulnasoft-lab/vul-java-db/pkg/db/metadata.go:55.2,57.56 2 0
github.com/khulnasoft-lab/vul-java-db/pkg/db/metadata.go:57.56,59.3 1 0
github.com/khulnasoft-lab/vul-java-db/pkg/db/metadata.go:60.2,60.12 1 0
github.com/khulnasoft-lab/vul-java-db/pkg/db/metadata.go:64.33,65.42 1 0
github.com/khulnasoft-lab/vul-java-db/pkg/db/metadata.go:65.42,67.3 1 0
github.com/khulnasoft-lab/vul-java-db/pkg/db/metadata.go:68.2,68.12 1 0
